2017-02-08 15:27:22.059687 client1:
2017-02-08 15:27:26.294039 client1:found_enemy
2017-02-08 15:27:26.320183 client1:battle
2017-02-08 15:27:30.618927 client1:died
2017-02-08 15:27:39.903203 client1:reborn
2017-02-08 15:27:39.933306 client1:start
2017-02-08 15:27:42.088803 client1:found_enemy
2017-02-08 15:27:42.110751 client1:battle
2017-02-08 15:27:43.857050 client1:battle
2017-02-08 15:27:43.871884 client1:can not use item
2017-02-08 15:27:43.883495 client1:battle
2017-02-08 15:27:47.733152 client1:died
2017-02-08 15:27:58.633826 client1:reborn
2017-02-08 15:28:58.281957 client1:start
2017-02-08 15:29:00.482977 client1:found_enemy
2017-02-08 15:29:00.514635 client1:battle
2017-02-08 15:29:02.233242 client1:battle
2017-02-08 15:29:02.249583 client1:can not use item
2017-02-08 15:29:02.260617 client1:battle
2017-02-08 15:29:06.114000 client1:died
2017-02-08 15:29:15.490171 client1:reborn
2017-02-08 15:30:38.408372 client1:start
2017-02-08 15:30:38.420908 client1:can not buy item
2017-02-08 15:30:40.635993 client1:found_enemy
2017-02-08 15:30:40.660612 client1:battle
2017-02-08 15:30:42.382940 client1:battle
2017-02-08 15:30:42.394925 client1:can not use item
2017-02-08 15:30:42.407732 client1:battle
2017-02-08 15:30:46.259328 client1:died
2017-02-08 15:30:56.645544 client1:reborn
